[     402ms] [WARNING] Error with Permissions-Policy header: Unrecognized feature: 'bluetooth'. @ :0
[    1110ms] [VERBOSE] [DOM] Input elements should have autocomplete attributes (suggested: "current-password"): (More info: https://goo.gl/9p2vKq) %o @ https://www.facebook.com/BackyardBulliesWC/:0
[    1110ms] [VERBOSE] [DOM] Input elements should have autocomplete attributes (suggested: "current-password"): (More info: https://goo.gl/9p2vKq) %o @ https://www.facebook.com/BackyardBulliesWC/:0
[    1455ms] [ERROR] ErrorUtils caught an error:

terminate stream because StartStreamFailure with msg : UNAUTHENTICATED [Caught in: Subscription error in preprocessResponse]

Subsequent non-fatal errors won't be logged; see https://fburl.com/debugjs. {column: 180, clientTime: 1781473187, extra: Object, guardList: Array(0), hash: x1sbq5} @ https://static.xx.fbcdn.net/rsrc.php/v4/y6/r/9XjTbjv73Qt.js:79
[    1467ms] [LOG] 
%cStop! font-family:helvetica; font-size:20px; font-size:50px; font-weight:bold; color:red; -webkit-text-stroke:1px black; @ https://static.xx.fbcdn.net/rsrc.php/v4/y6/r/9XjTbjv73Qt.js:245
[    1467ms] [LOG] 
%cThis is a browser feature intended for developers. If someone told you to copy-paste something here to enable a Facebook feature or "hack" someone's account, it's a scam and will give them access to your Facebook account. font-family:helvetica; font-size:20px;  @ https://static.xx.fbcdn.net/rsrc.php/v4/y6/r/9XjTbjv73Qt.js:245
[    1467ms] [LOG] 
%cSee https://www.facebook.com/selfxss for more information. font-family:helvetica; font-size:20px;  @ https://static.xx.fbcdn.net/rsrc.php/v4/y6/r/9XjTbjv73Qt.js:245
[    1467ms] [LOG] 
%c  @ https://static.xx.fbcdn.net/rsrc.php/v4/y6/r/9XjTbjv73Qt.js:245
[   34274ms] [WARNING] Error with Permissions-Policy header: Unrecognized feature: 'bluetooth'. @ :0
[   34643ms] [ERROR] ErrorUtils caught an error:

terminate stream because StartStreamFailure with msg : UNAUTHENTICATED [Caught in: Subscription error in preprocessResponse]

Subsequent non-fatal errors won't be logged; see https://fburl.com/debugjs. {column: 180, clientTime: 1781473220, extra: Object, guardList: Array(0), hash: kmim0z} @ https://static.xx.fbcdn.net/rsrc.php/v4/y6/r/9XjTbjv73Qt.js:79
[   34648ms] [LOG] 
%cStop! font-family:helvetica; font-size:20px; font-size:50px; font-weight:bold; color:red; -webkit-text-stroke:1px black; @ https://static.xx.fbcdn.net/rsrc.php/v4/y6/r/9XjTbjv73Qt.js:245
[   34648ms] [LOG] 
%cThis is a browser feature intended for developers. If someone told you to copy-paste something here to enable a Facebook feature or "hack" someone's account, it's a scam and will give them access to your Facebook account. font-family:helvetica; font-size:20px;  @ https://static.xx.fbcdn.net/rsrc.php/v4/y6/r/9XjTbjv73Qt.js:245
[   34649ms] [LOG] 
%cSee https://www.facebook.com/selfxss for more information. font-family:helvetica; font-size:20px;  @ https://static.xx.fbcdn.net/rsrc.php/v4/y6/r/9XjTbjv73Qt.js:245
[   34649ms] [LOG] 
%c  @ https://static.xx.fbcdn.net/rsrc.php/v4/y6/r/9XjTbjv73Qt.js:245
[   34659ms] [WARNING] Error with Permissions-Policy header: Unrecognized feature: 'bluetooth'. @ :0
[   34937ms] [WARNING] Error with Permissions-Policy header: Unrecognized feature: 'bluetooth'. @ :0
[   35124ms] [ERROR] Permissions policy violation: unload is not allowed in this document. @ https://static.xx.fbcdn.net/rsrc.php/v4/yj/r/gkUbgxDNhrN.js:321
[   60525ms] [WARNING] Error with Permissions-Policy header: Unrecognized feature: 'bluetooth'. @ :0
[   61181ms] [WARNING] Error with Permissions-Policy header: Unrecognized feature: 'bluetooth'. @ :0
[   61206ms] [ERROR] Permissions policy violation: unload is not allowed in this document. @ https://static.xx.fbcdn.net/rsrc.php/v4/yj/r/gkUbgxDNhrN.js:321
[   62986ms] [LOG] 
%cStop! font-family:helvetica; font-size:20px; font-size:50px; font-weight:bold; color:red; -webkit-text-stroke:1px black; @ https://static.xx.fbcdn.net/rsrc.php/v4iRXg4/y3/l/en_US-j/aevW06EFadQUM59MszSAJmbUBj7CAXR7csu8R8URxjFFZW5p7_WurV5FbrZ-OzE10oXcgcWUruCBXSJm2jTfyFonoE-9MnZEgONs9zV5z_cgqem1W0f-A0dIfSIu_wq0Igd6KXTUqcK0zLs-KlHau0oeUEB0uD4Dte2D29USAbvAcgAZLi05LdeVqfAm0AlPbqZWoXK-eJ3g2etCab6wWMSXM9OS_fA75LmxJDdaGY7s-h8TilZnOVYqHtekq_r3tdgb5-G60bmJaX4GgnV2uJ6DTsQMmpKn43dFtJxQg.js:1660
[   62986ms] [LOG] 
%cThis is a browser feature intended for developers. If someone told you to copy-paste something here to enable a Facebook feature or "hack" someone's account, it's a scam and will give them access to your Facebook account. font-family:helvetica; font-size:20px;  @ https://static.xx.fbcdn.net/rsrc.php/v4iRXg4/y3/l/en_US-j/aevW06EFadQUM59MszSAJmbUBj7CAXR7csu8R8URxjFFZW5p7_WurV5FbrZ-OzE10oXcgcWUruCBXSJm2jTfyFonoE-9MnZEgONs9zV5z_cgqem1W0f-A0dIfSIu_wq0Igd6KXTUqcK0zLs-KlHau0oeUEB0uD4Dte2D29USAbvAcgAZLi05LdeVqfAm0AlPbqZWoXK-eJ3g2etCab6wWMSXM9OS_fA75LmxJDdaGY7s-h8TilZnOVYqHtekq_r3tdgb5-G60bmJaX4GgnV2uJ6DTsQMmpKn43dFtJxQg.js:1660
[   62986ms] [LOG] 
%cSee https://www.facebook.com/selfxss for more information. font-family:helvetica; font-size:20px;  @ https://static.xx.fbcdn.net/rsrc.php/v4iRXg4/y3/l/en_US-j/aevW06EFadQUM59MszSAJmbUBj7CAXR7csu8R8URxjFFZW5p7_WurV5FbrZ-OzE10oXcgcWUruCBXSJm2jTfyFonoE-9MnZEgONs9zV5z_cgqem1W0f-A0dIfSIu_wq0Igd6KXTUqcK0zLs-KlHau0oeUEB0uD4Dte2D29USAbvAcgAZLi05LdeVqfAm0AlPbqZWoXK-eJ3g2etCab6wWMSXM9OS_fA75LmxJDdaGY7s-h8TilZnOVYqHtekq_r3tdgb5-G60bmJaX4GgnV2uJ6DTsQMmpKn43dFtJxQg.js:1660
[   62986ms] [LOG] 
%c  @ https://static.xx.fbcdn.net/rsrc.php/v4iRXg4/y3/l/en_US-j/aevW06EFadQUM59MszSAJmbUBj7CAXR7csu8R8URxjFFZW5p7_WurV5FbrZ-OzE10oXcgcWUruCBXSJm2jTfyFonoE-9MnZEgONs9zV5z_cgqem1W0f-A0dIfSIu_wq0Igd6KXTUqcK0zLs-KlHau0oeUEB0uD4Dte2D29USAbvAcgAZLi05LdeVqfAm0AlPbqZWoXK-eJ3g2etCab6wWMSXM9OS_fA75LmxJDdaGY7s-h8TilZnOVYqHtekq_r3tdgb5-G60bmJaX4GgnV2uJ6DTsQMmpKn43dFtJxQg.js:1660
